Drill report for 433 MHz RF Modules.kicad_pcb
Created on 2026-06-14T22:28:15+0530

Copper Layer Stackup:
    =============================================================
    L1 :  F.Cu                      front
    L2 :  In1.Cu                    in1
    L3 :  In2.Cu                    in2
    L4 :  B.Cu                      back


Drill file '433 MHz RF Modules-PTH.drl' contains
    plated through holes:
    =============================================================
    T1  0.300mm  0.0118"  (25 holes)
    T2  0.700mm  0.0276"  (3 holes)
    T3  0.800mm  0.0315"  (2 holes)
    T4  1.000mm  0.0394"  (3 holes)
    T5  1.100mm  0.0433"  (1 hole)
    T6  1.200mm  0.0472"  (2 holes)

    Total plated holes count 36


Drill file '433 MHz RF Modules-NPTH.drl' contains
    unplated through holes:
    =============================================================

    Total unplated holes count 0
